\BOOKMARK [0][-]{chapter.1}{\376\377\0001\000\040\000M\000e\000t\000a\000p\000o\000p\000u\000l\000a\000t\000i\000o\000n\000\040\000A\000s\000s\000e\000s\000s\000m\000e\000n\000t\000\040\000S\000y\000s\000t\000e\000m\000<\000b\000r\000>}{}% 1
\BOOKMARK [1][-]{section.1.1}{\376\377\0001\000.\0001\000\040\000I\000n\000t\000r\000o\000d\000u\000c\000t\000i\000o\000n}{chapter.1}% 2
\BOOKMARK [1][-]{section.1.2}{\376\377\0001\000.\0002\000\040\000P\000u\000r\000p\000o\000s\000e}{chapter.1}% 3
\BOOKMARK [1][-]{section.1.3}{\376\377\0001\000.\0003\000\040\000O\000v\000e\000r\000v\000i\000e\000w}{chapter.1}% 4
\BOOKMARK [1][-]{section.1.4}{\376\377\0001\000.\0004\000\040\000O\000v\000e\000r\000v\000i\000e\000w}{chapter.1}% 5
\BOOKMARK [1][-]{section.1.5}{\376\377\0001\000.\0005\000\040\000E\000x\000a\000m\000p\000l\000e\000s}{chapter.1}% 6
\BOOKMARK [1][-]{section.1.6}{\376\377\0001\000.\0006\000\040\000R\000e\000f\000e\000r\000e\000n\000c\000e\000s}{chapter.1}% 7
\BOOKMARK [0][-]{chapter.2}{\376\377\0002\000\040\000N\000a\000m\000e\000s\000p\000a\000c\000e\000\040\000I\000n\000d\000e\000x}{}% 8
\BOOKMARK [1][-]{section.2.1}{\376\377\0002\000.\0001\000\040\000N\000a\000m\000e\000s\000p\000a\000c\000e\000\040\000L\000i\000s\000t}{chapter.2}% 9
\BOOKMARK [0][-]{chapter.3}{\376\377\0003\000\040\000H\000i\000e\000r\000a\000r\000c\000h\000i\000c\000a\000l\000\040\000I\000n\000d\000e\000x}{}% 10
\BOOKMARK [1][-]{section.3.1}{\376\377\0003\000.\0001\000\040\000C\000l\000a\000s\000s\000\040\000H\000i\000e\000r\000a\000r\000c\000h\000y}{chapter.3}% 11
\BOOKMARK [0][-]{chapter.4}{\376\377\0004\000\040\000C\000l\000a\000s\000s\000\040\000I\000n\000d\000e\000x}{}% 12
\BOOKMARK [1][-]{section.4.1}{\376\377\0004\000.\0001\000\040\000C\000l\000a\000s\000s\000\040\000L\000i\000s\000t}{chapter.4}% 13
\BOOKMARK [0][-]{chapter.5}{\376\377\0005\000\040\000F\000i\000l\000e\000\040\000I\000n\000d\000e\000x}{}% 14
\BOOKMARK [1][-]{section.5.1}{\376\377\0005\000.\0001\000\040\000F\000i\000l\000e\000\040\000L\000i\000s\000t}{chapter.5}% 15
\BOOKMARK [0][-]{chapter.6}{\376\377\0006\000\040\000N\000a\000m\000e\000s\000p\000a\000c\000e\000\040\000D\000o\000c\000u\000m\000e\000n\000t\000a\000t\000i\000o\000n}{}% 16
\BOOKMARK [1][-]{section.6.1}{\376\377\0006\000.\0001\000\040\000m\000a\000s\000\040\000N\000a\000m\000e\000s\000p\000a\000c\000e\000\040\000R\000e\000f\000e\000r\000e\000n\000c\000e}{chapter.6}% 17
\BOOKMARK [2][-]{subsection.6.1.1}{\376\377\0006\000.\0001\000.\0001\000\040\000D\000e\000t\000a\000i\000l\000e\000d\000\040\000D\000e\000s\000c\000r\000i\000p\000t\000i\000o\000n}{section.6.1}% 18
\BOOKMARK [0][-]{chapter.7}{\376\377\0007\000\040\000C\000l\000a\000s\000s\000\040\000D\000o\000c\000u\000m\000e\000n\000t\000a\000t\000i\000o\000n}{}% 19
\BOOKMARK [1][-]{section.7.1}{\376\377\0007\000.\0001\000\040\000m\000a\000s\000:\000:\000E\000v\000a\000l\000u\000a\000t\000i\000o\000n\000O\000b\000j\000e\000c\000t\000<\000\040\000R\000E\000A\000L\000\137\000T\000,\000\040\000E\000V\000A\000L\000\137\000T\000\040\000>\000\040\000C\000l\000a\000s\000s\000\040\000T\000e\000m\000p\000l\000a\000t\000e\000\040\000R\000e\000f\000e\000r\000e\000n\000c\000e}{chapter.7}% 20
\BOOKMARK [2][-]{subsection.7.1.1}{\376\377\0007\000.\0001\000.\0001\000\040\000M\000e\000m\000b\000e\000r\000\040\000F\000u\000n\000c\000t\000i\000o\000n\000\040\000D\000o\000c\000u\000m\000e\000n\000t\000a\000t\000i\000o\000n}{section.7.1}% 21
\BOOKMARK [3][-]{subsubsection.7.1.1.1}{\376\377\0007\000.\0001\000.\0001\000.\0001\000\040\000G\000e\000t\000I\000n\000f\000o}{subsection.7.1.1}% 22
\BOOKMARK [3][-]{subsubsection.7.1.1.2}{\376\377\0007\000.\0001\000.\0001\000.\0002\000\040\000S\000e\000t\000I\000n\000f\000o}{subsection.7.1.1}% 23
\BOOKMARK [2][-]{subsection.7.1.2}{\376\377\0007\000.\0001\000.\0002\000\040\000M\000e\000m\000b\000e\000r\000\040\000D\000a\000t\000a\000\040\000D\000o\000c\000u\000m\000e\000n\000t\000a\000t\000i\000o\000n}{section.7.1}% 24
\BOOKMARK [3][-]{subsubsection.7.1.2.1}{\376\377\0007\000.\0001\000.\0002\000.\0001\000\040\000i\000n\000f\000o}{subsection.7.1.2}% 25
\BOOKMARK [1][-]{section.7.2}{\376\377\0007\000.\0002\000\040\000m\000a\000s\000:\000:\000I\000n\000f\000o\000r\000m\000a\000t\000i\000o\000n\000<\000\040\000R\000E\000A\000L\000\137\000T\000,\000\040\000E\000V\000A\000L\000\137\000T\000\040\000>\000\040\000C\000l\000a\000s\000s\000\040\000T\000e\000m\000p\000l\000a\000t\000e\000\040\000R\000e\000f\000e\000r\000e\000n\000c\000e}{chapter.7}% 26
\BOOKMARK [2][-]{subsection.7.2.1}{\376\377\0007\000.\0002\000.\0001\000\040\000D\000e\000t\000a\000i\000l\000e\000d\000\040\000D\000e\000s\000c\000r\000i\000p\000t\000i\000o\000n}{section.7.2}% 27
\BOOKMARK [2][-]{subsection.7.2.2}{\376\377\0007\000.\0002\000.\0002\000\040\000M\000e\000m\000b\000e\000r\000\040\000F\000u\000n\000c\000t\000i\000o\000n\000\040\000D\000o\000c\000u\000m\000e\000n\000t\000a\000t\000i\000o\000n}{section.7.2}% 28
\BOOKMARK [3][-]{subsubsection.7.2.2.1}{\376\377\0007\000.\0002\000.\0002\000.\0001\000\040\000R\000e\000g\000i\000s\000t\000e\000r\000E\000s\000t\000i\000m\000a\000b\000l\000e}{subsection.7.2.2}% 29
\BOOKMARK [1][-]{section.7.3}{\376\377\0007\000.\0003\000\040\000m\000a\000s\000:\000:\000L\000o\000c\000a\000t\000i\000o\000n\000<\000\040\000R\000E\000A\000L\000\137\000T\000,\000\040\000E\000V\000A\000L\000\137\000T\000\040\000>\000\040\000C\000l\000a\000s\000s\000\040\000T\000e\000m\000p\000l\000a\000t\000e\000\040\000R\000e\000f\000e\000r\000e\000n\000c\000e}{chapter.7}% 30
\BOOKMARK [1][-]{section.7.4}{\376\377\0007\000.\0004\000\040\000m\000a\000s\000:\000:\000M\000o\000d\000e\000l\000<\000\040\000R\000E\000A\000L\000\137\000T\000,\000\040\000E\000V\000A\000L\000\137\000T\000\040\000>\000\040\000C\000l\000a\000s\000s\000\040\000T\000e\000m\000p\000l\000a\000t\000e\000\040\000R\000e\000f\000e\000r\000e\000n\000c\000e}{chapter.7}% 31
\BOOKMARK [1][-]{section.7.5}{\376\377\0007\000.\0005\000\040\000m\000a\000s\000:\000:\000O\000b\000j\000e\000c\000t\000\040\000C\000l\000a\000s\000s\000\040\000R\000e\000f\000e\000r\000e\000n\000c\000e}{chapter.7}% 32
\BOOKMARK [2][-]{subsection.7.5.1}{\376\377\0007\000.\0005\000.\0001\000\040\000M\000e\000m\000b\000e\000r\000\040\000F\000u\000n\000c\000t\000i\000o\000n\000\040\000D\000o\000c\000u\000m\000e\000n\000t\000a\000t\000i\000o\000n}{section.7.5}% 33
\BOOKMARK [3][-]{subsubsection.7.5.1.1}{\376\377\0007\000.\0005\000.\0001\000.\0001\000\040\000T\000o\000S\000t\000r\000i\000n\000g}{subsection.7.5.1}% 34
\BOOKMARK [2][-]{subsection.7.5.2}{\376\377\0007\000.\0005\000.\0002\000\040\000F\000r\000i\000e\000n\000d\000s\000\040\000A\000n\000d\000\040\000R\000e\000l\000a\000t\000e\000d\000\040\000F\000u\000n\000c\000t\000i\000o\000n\000\040\000D\000o\000c\000u\000m\000e\000n\000t\000a\000t\000i\000o\000n}{section.7.5}% 35
\BOOKMARK [3][-]{subsubsection.7.5.2.1}{\376\377\0007\000.\0005\000.\0002\000.\0001\000\040\000o\000p\000e\000r\000a\000t\000o\000r\000<\000<}{subsection.7.5.2}% 36
\BOOKMARK [1][-]{section.7.6}{\376\377\0007\000.\0006\000\040\000m\000a\000s\000:\000:\000O\000b\000s\000e\000r\000v\000a\000t\000i\000o\000n\000<\000\040\000R\000E\000A\000L\000\137\000T\000\040\000>\000\040\000C\000l\000a\000s\000s\000\040\000T\000e\000m\000p\000l\000a\000t\000e\000\040\000R\000e\000f\000e\000r\000e\000n\000c\000e}{chapter.7}% 37
\BOOKMARK [1][-]{section.7.7}{\376\377\0007\000.\0007\000\040\000m\000a\000s\000:\000:\000P\000o\000i\000n\000t\000<\000\040\000R\000E\000A\000L\000\137\000T\000\040\000>\000\040\000S\000t\000r\000u\000c\000t\000\040\000T\000e\000m\000p\000l\000a\000t\000e\000\040\000R\000e\000f\000e\000r\000e\000n\000c\000e}{chapter.7}% 38
\BOOKMARK [2][-]{subsection.7.7.1}{\376\377\0007\000.\0007\000.\0001\000\040\000C\000o\000n\000s\000t\000r\000u\000c\000t\000o\000r\000\040\000\046\000\040\000D\000e\000s\000t\000r\000u\000c\000t\000o\000r\000\040\000D\000o\000c\000u\000m\000e\000n\000t\000a\000t\000i\000o\000n}{section.7.7}% 39
\BOOKMARK [3][-]{subsubsection.7.7.1.1}{\376\377\0007\000.\0007\000.\0001\000.\0001\000\040\000P\000o\000i\000n\000t}{subsection.7.7.1}% 40
\BOOKMARK [3][-]{subsubsection.7.7.1.2}{\376\377\0007\000.\0007\000.\0001\000.\0002\000\040\000P\000o\000i\000n\000t}{subsection.7.7.1}% 41
\BOOKMARK [2][-]{subsection.7.7.2}{\376\377\0007\000.\0007\000.\0002\000\040\000M\000e\000m\000b\000e\000r\000\040\000D\000a\000t\000a\000\040\000D\000o\000c\000u\000m\000e\000n\000t\000a\000t\000i\000o\000n}{section.7.7}% 42
\BOOKMARK [3][-]{subsubsection.7.7.2.1}{\376\377\0007\000.\0007\000.\0002\000.\0001\000\040\000x}{subsection.7.7.2}% 43
\BOOKMARK [3][-]{subsubsection.7.7.2.2}{\376\377\0007\000.\0007\000.\0002\000.\0002\000\040\000y}{subsection.7.7.2}% 44
\BOOKMARK [1][-]{section.7.8}{\376\377\0007\000.\0008\000\040\000m\000a\000s\000:\000:\000P\000o\000l\000y\000g\000o\000n\000<\000\040\000R\000E\000A\000L\000\137\000T\000\040\000>\000\040\000C\000l\000a\000s\000s\000\040\000T\000e\000m\000p\000l\000a\000t\000e\000\040\000R\000e\000f\000e\000r\000e\000n\000c\000e}{chapter.7}% 45
\BOOKMARK [2][-]{subsection.7.8.1}{\376\377\0007\000.\0008\000.\0001\000\040\000M\000e\000m\000b\000e\000r\000\040\000F\000u\000n\000c\000t\000i\000o\000n\000\040\000D\000o\000c\000u\000m\000e\000n\000t\000a\000t\000i\000o\000n}{section.7.8}% 46
\BOOKMARK [3][-]{subsubsection.7.8.1.1}{\376\377\0007\000.\0008\000.\0001\000.\0001\000\040\000A\000d\000d\000P\000o\000i\000n\000t}{subsection.7.8.1}% 47
\BOOKMARK [3][-]{subsubsection.7.8.1.2}{\376\377\0007\000.\0008\000.\0001\000.\0002\000\040\000C\000e\000n\000t\000r\000o\000i\000d}{subsection.7.8.1}% 48
\BOOKMARK [3][-]{subsubsection.7.8.1.3}{\376\377\0007\000.\0008\000.\0001\000.\0003\000\040\000C\000o\000m\000p\000u\000t\000e\000A\000r\000e\000a}{subsection.7.8.1}% 49
\BOOKMARK [1][-]{section.7.9}{\376\377\0007\000.\0009\000\040\000m\000a\000s\000:\000:\000R\000e\000c\000t\000a\000n\000g\000l\000e\000<\000\040\000R\000E\000A\000L\000\137\000T\000\040\000>\000\040\000C\000l\000a\000s\000s\000\040\000T\000e\000m\000p\000l\000a\000t\000e\000\040\000R\000e\000f\000e\000r\000e\000n\000c\000e}{chapter.7}% 50
\BOOKMARK [1][-]{section.7.10}{\376\377\0007\000.\0001\0000\000\040\000m\000a\000s\000:\000:\000S\000t\000r\000u\000c\000t\000u\000r\000e\000<\000\040\000R\000E\000A\000L\000\137\000T\000,\000\040\000E\000V\000A\000L\000\137\000T\000\040\000>\000\040\000C\000l\000a\000s\000s\000\040\000T\000e\000m\000p\000l\000a\000t\000e\000\040\000R\000e\000f\000e\000r\000e\000n\000c\000e}{chapter.7}% 51
\BOOKMARK [2][-]{subsection.7.10.1}{\376\377\0007\000.\0001\0000\000.\0001\000\040\000M\000e\000m\000b\000e\000r\000\040\000E\000n\000u\000m\000e\000r\000a\000t\000i\000o\000n\000\040\000D\000o\000c\000u\000m\000e\000n\000t\000a\000t\000i\000o\000n}{section.7.10}% 52
\BOOKMARK [3][-]{subsubsection.7.10.1.1}{\376\377\0007\000.\0001\0000\000.\0001\000.\0001\000\040\000S\000t\000r\000u\000c\000t\000u\000r\000e\000T\000y\000p\000e}{subsection.7.10.1}% 53
\BOOKMARK [2][-]{subsection.7.10.2}{\376\377\0007\000.\0001\0000\000.\0002\000\040\000C\000o\000n\000s\000t\000r\000u\000c\000t\000o\000r\000\040\000\046\000\040\000D\000e\000s\000t\000r\000u\000c\000t\000o\000r\000\040\000D\000o\000c\000u\000m\000e\000n\000t\000a\000t\000i\000o\000n}{section.7.10}% 54
\BOOKMARK [3][-]{subsubsection.7.10.2.1}{\376\377\0007\000.\0001\0000\000.\0002\000.\0001\000\040\000S\000t\000r\000u\000c\000t\000u\000r\000e}{subsection.7.10.2}% 55
\BOOKMARK [2][-]{subsection.7.10.3}{\376\377\0007\000.\0001\0000\000.\0003\000\040\000M\000e\000m\000b\000e\000r\000\040\000F\000u\000n\000c\000t\000i\000o\000n\000\040\000D\000o\000c\000u\000m\000e\000n\000t\000a\000t\000i\000o\000n}{section.7.10}% 56
\BOOKMARK [3][-]{subsubsection.7.10.3.1}{\376\377\0007\000.\0001\0000\000.\0003\000.\0001\000\040\000o\000p\000e\000r\000a\000t\000o\000r\000\040\000S\000t\000r\000u\000c\000t\000u\000r\000e\000T\000y\000p\000e}{subsection.7.10.3}% 57
\BOOKMARK [3][-]{subsubsection.7.10.3.2}{\376\377\0007\000.\0001\0000\000.\0003\000.\0002\000\040\000o\000p\000e\000r\000a\000t\000o\000r\000\040\000S\000t\000r\000u\000c\000t\000u\000r\000e\000T\000y\000p\000e}{subsection.7.10.3}% 58
\BOOKMARK [2][-]{subsection.7.10.4}{\376\377\0007\000.\0001\0000\000.\0004\000\040\000M\000e\000m\000b\000e\000r\000\040\000D\000a\000t\000a\000\040\000D\000o\000c\000u\000m\000e\000n\000t\000a\000t\000i\000o\000n}{section.7.10}% 59
\BOOKMARK [3][-]{subsubsection.7.10.4.1}{\376\377\0007\000.\0001\0000\000.\0004\000.\0001\000\040\000s\000t\000r\000u\000c\000t\000u\000r\000e\000\137\000t\000y\000p\000e}{subsection.7.10.4}% 60
\BOOKMARK [1][-]{section.7.11}{\376\377\0007\000.\0001\0001\000\040\000m\000a\000s\000:\000:\000S\000u\000b\000p\000o\000p\000u\000l\000a\000t\000i\000o\000n\000<\000\040\000R\000E\000A\000L\000\137\000T\000,\000\040\000E\000V\000A\000L\000\137\000T\000\040\000>\000\040\000C\000l\000a\000s\000s\000\040\000T\000e\000m\000p\000l\000a\000t\000e\000\040\000R\000e\000f\000e\000r\000e\000n\000c\000e}{chapter.7}% 61
\BOOKMARK [2][-]{subsection.7.11.1}{\376\377\0007\000.\0001\0001\000.\0001\000\040\000D\000e\000t\000a\000i\000l\000e\000d\000\040\000D\000e\000s\000c\000r\000i\000p\000t\000i\000o\000n}{section.7.11}% 62
\BOOKMARK [2][-]{subsection.7.11.2}{\376\377\0007\000.\0001\0001\000.\0002\000\040\000M\000e\000m\000b\000e\000r\000\040\000F\000u\000n\000c\000t\000i\000o\000n\000\040\000D\000o\000c\000u\000m\000e\000n\000t\000a\000t\000i\000o\000n}{section.7.11}% 63
\BOOKMARK [3][-]{subsubsection.7.11.2.1}{\376\377\0007\000.\0001\0001\000.\0002\000.\0001\000\040\000G\000e\000t\000A\000g\000e\000M\000a\000x}{subsection.7.11.2}% 64
\BOOKMARK [3][-]{subsubsection.7.11.2.2}{\376\377\0007\000.\0001\0001\000.\0002\000.\0002\000\040\000G\000e\000t\000B\000i\000o\000m\000a\000s\000s}{subsection.7.11.2}% 65
\BOOKMARK [3][-]{subsubsection.7.11.2.3}{\376\377\0007\000.\0001\0001\000.\0002\000.\0003\000\040\000G\000e\000t\000D\000e\000a\000t\000h\000s}{subsection.7.11.2}% 66
\BOOKMARK [3][-]{subsubsection.7.11.2.4}{\376\377\0007\000.\0001\0001\000.\0002\000.\0004\000\040\000G\000e\000t\000E\000m\000i\000g\000r\000a\000t\000i\000o\000n}{subsection.7.11.2}% 67
\BOOKMARK [3][-]{subsubsection.7.11.2.5}{\376\377\0007\000.\0001\0001\000.\0002\000.\0005\000\040\000G\000e\000t\000G\000e\000n\000d\000e\000r\000s}{subsection.7.11.2}% 68
\BOOKMARK [3][-]{subsubsection.7.11.2.6}{\376\377\0007\000.\0001\0001\000.\0002\000.\0006\000\040\000G\000e\000t\000G\000r\000o\000w\000t\000h}{subsection.7.11.2}% 69
\BOOKMARK [3][-]{subsubsection.7.11.2.7}{\376\377\0007\000.\0001\0001\000.\0002\000.\0007\000\040\000G\000e\000t\000I\000m\000m\000i\000g\000r\000a\000t\000i\000o\000n}{subsection.7.11.2}% 70
\BOOKMARK [3][-]{subsubsection.7.11.2.8}{\376\377\0007\000.\0001\0001\000.\0002\000.\0008\000\040\000G\000e\000t\000O\000b\000s\000e\000r\000v\000a\000t\000i\000o\000n\000s}{subsection.7.11.2}% 71
\BOOKMARK [3][-]{subsubsection.7.11.2.9}{\376\377\0007\000.\0001\0001\000.\0002\000.\0009\000\040\000G\000e\000t\000R\000e\000c\000r\000u\000i\000t\000m\000e\000n\000t}{subsection.7.11.2}% 72
\BOOKMARK [3][-]{subsubsection.7.11.2.10}{\376\377\0007\000.\0001\0001\000.\0002\000.\0001\0000\000\040\000G\000e\000t\000T\000i\000m\000e\000M\000a\000x}{subsection.7.11.2}% 73
\BOOKMARK [3][-]{subsubsection.7.11.2.11}{\376\377\0007\000.\0001\0001\000.\0002\000.\0001\0001\000\040\000G\000e\000t\000Y\000i\000e\000l\000d}{subsection.7.11.2}% 74
\BOOKMARK [3][-]{subsubsection.7.11.2.12}{\376\377\0007\000.\0001\0001\000.\0002\000.\0001\0002\000\040\000S\000e\000t\000A\000g\000e\000M\000a\000x}{subsection.7.11.2}% 75
\BOOKMARK [3][-]{subsubsection.7.11.2.13}{\376\377\0007\000.\0001\0001\000.\0002\000.\0001\0003\000\040\000S\000e\000t\000B\000i\000o\000m\000a\000s\000s}{subsection.7.11.2}% 76
\BOOKMARK [3][-]{subsubsection.7.11.2.14}{\376\377\0007\000.\0001\0001\000.\0002\000.\0001\0004\000\040\000S\000e\000t\000D\000e\000a\000t\000h\000s}{subsection.7.11.2}% 77
\BOOKMARK [3][-]{subsubsection.7.11.2.15}{\376\377\0007\000.\0001\0001\000.\0002\000.\0001\0005\000\040\000S\000e\000t\000E\000m\000i\000g\000r\000a\000t\000i\000o\000n}{subsection.7.11.2}% 78
\BOOKMARK [3][-]{subsubsection.7.11.2.16}{\376\377\0007\000.\0001\0001\000.\0002\000.\0001\0006\000\040\000S\000e\000t\000G\000e\000n\000d\000e\000r\000s}{subsection.7.11.2}% 79
\BOOKMARK [3][-]{subsubsection.7.11.2.17}{\376\377\0007\000.\0001\0001\000.\0002\000.\0001\0007\000\040\000S\000e\000t\000G\000r\000o\000w\000t\000h}{subsection.7.11.2}% 80
\BOOKMARK [3][-]{subsubsection.7.11.2.18}{\376\377\0007\000.\0001\0001\000.\0002\000.\0001\0008\000\040\000S\000e\000t\000I\000m\000m\000i\000g\000r\000a\000t\000i\000o\000n}{subsection.7.11.2}% 81
\BOOKMARK [3][-]{subsubsection.7.11.2.19}{\376\377\0007\000.\0001\0001\000.\0002\000.\0001\0009\000\040\000S\000e\000t\000O\000b\000s\000e\000r\000v\000a\000t\000i\000o\000n\000s}{subsection.7.11.2}% 82
\BOOKMARK [3][-]{subsubsection.7.11.2.20}{\376\377\0007\000.\0001\0001\000.\0002\000.\0002\0000\000\040\000S\000e\000t\000R\000e\000c\000r\000u\000i\000t\000m\000e\000n\000t}{subsection.7.11.2}% 83
\BOOKMARK [3][-]{subsubsection.7.11.2.21}{\376\377\0007\000.\0001\0001\000.\0002\000.\0002\0001\000\040\000S\000e\000t\000T\000i\000m\000e\000M\000a\000x}{subsection.7.11.2}% 84
\BOOKMARK [3][-]{subsubsection.7.11.2.22}{\376\377\0007\000.\0001\0001\000.\0002\000.\0002\0002\000\040\000S\000e\000t\000Y\000i\000e\000l\000d}{subsection.7.11.2}% 85
\BOOKMARK [0][-]{chapter.8}{\376\377\0008\000\040\000F\000i\000l\000e\000\040\000D\000o\000c\000u\000m\000e\000n\000t\000a\000t\000i\000o\000n}{}% 86
\BOOKMARK [1][-]{section.8.1}{\376\377\0008\000.\0001\000\040\000I\000n\000f\000o\000r\000m\000a\000t\000i\000o\000n\000.\000h\000p\000p\000\040\000F\000i\000l\000e\000\040\000R\000e\000f\000e\000r\000e\000n\000c\000e}{chapter.8}% 87
\BOOKMARK [1][-]{section.8.2}{\376\377\0008\000.\0002\000\040\000L\000o\000c\000a\000t\000i\000o\000n\000.\000h\000p\000p\000\040\000F\000i\000l\000e\000\040\000R\000e\000f\000e\000r\000e\000n\000c\000e}{chapter.8}% 88
\BOOKMARK [1][-]{section.8.3}{\376\377\0008\000.\0003\000\040\000M\000A\000S\000.\000h\000p\000p\000\040\000F\000i\000l\000e\000\040\000R\000e\000f\000e\000r\000e\000n\000c\000e}{chapter.8}% 89
\BOOKMARK [1][-]{section.8.4}{\376\377\0008\000.\0004\000\040\000M\000a\000t\000h\000U\000t\000i\000l\000i\000t\000e\000s\000.\000h\000p\000p\000\040\000F\000i\000l\000e\000\040\000R\000e\000f\000e\000r\000e\000n\000c\000e}{chapter.8}% 90
\BOOKMARK [1][-]{section.8.5}{\376\377\0008\000.\0005\000\040\000M\000o\000d\000e\000l\000.\000h\000p\000p\000\040\000F\000i\000l\000e\000\040\000R\000e\000f\000e\000r\000e\000n\000c\000e}{chapter.8}% 91
\BOOKMARK [1][-]{section.8.6}{\376\377\0008\000.\0006\000\040\000O\000b\000j\000e\000c\000t\000.\000h\000p\000p\000\040\000F\000i\000l\000e\000\040\000R\000e\000f\000e\000r\000e\000n\000c\000e}{chapter.8}% 92
\BOOKMARK [1][-]{section.8.7}{\376\377\0008\000.\0007\000\040\000O\000b\000s\000e\000r\000v\000a\000t\000i\000o\000n\000.\000h\000p\000p\000\040\000F\000i\000l\000e\000\040\000R\000e\000f\000e\000r\000e\000n\000c\000e}{chapter.8}% 93
\BOOKMARK [1][-]{section.8.8}{\376\377\0008\000.\0008\000\040\000S\000t\000r\000u\000c\000t\000u\000r\000e\000.\000h\000p\000p\000\040\000F\000i\000l\000e\000\040\000R\000e\000f\000e\000r\000e\000n\000c\000e}{chapter.8}% 94
\BOOKMARK [1][-]{section.8.9}{\376\377\0008\000.\0009\000\040\000S\000u\000b\000p\000o\000p\000u\000l\000a\000t\000i\000o\000n\000.\000h\000p\000p\000\040\000F\000i\000l\000e\000\040\000R\000e\000f\000e\000r\000e\000n\000c\000e}{chapter.8}% 95
\BOOKMARK [0][-]{section*.39}{\376\377\000I\000n\000d\000e\000x}{}% 96
